<?xml version="1.0" encoding="UTF-8"?>
<!-- Generated by org.testng.reporters.JUnitXMLReporter -->
<testsuite ignored="0" hostname="DESKTOP-L28IVB5" failures="0" tests="6" name="Test" time="40.504" errors="0" timestamp="2021-12-08T20:51:39 IST">
  <testcase classname="TestLayer.PIMPageTest" name="validateLoginFunctionality" time="6.559"/>
  <testcase classname="TestLayer.PIMPageTest" name="validatePIMPageLink" time="1.917"/>
  <testcase classname="TestLayer.PIMPageTest" name="validateAddButtonInPIMPage" time="0.851"/>
  <testcase classname="TestLayer.PIMPageTest" name="validateAddEmployeeFunctionality" time="6.406"/>
  <testcase classname="TestLayer.PIMPageTest" name="validayteEditButtonFunctionality" time="0.188"/>
  <testcase classname="TestLayer.PIMPageTest" name="validatePersonalDetail" time="14.783"/>
</testsuite> <!-- Test -->
