<?xml version="1.0" encoding="UTF-8"?>
<testng-results ignored="0" total="6" passed="6" failed="0" skipped="0">
  <reporter-output>
  </reporter-output>
  <suite started-at="2021-12-08T20:50:59 IST" name="Suite" finished-at="2021-12-08T20:51:39 IST" duration-ms="40504">
    <groups>
    </groups>
    <test started-at="2021-12-08T20:50:59 IST" name="Test" finished-at="2021-12-08T20:51:39 IST" duration-ms="40504">
      <class name="TestLayer.PIMPageTest">
        <test-method is-config="true" signature="setUp()[pri:0, instance:TestLayer.PIMPageTest@482bce4f]" started-at="2021-12-08T20:50:59 IST" name="setUp" finished-at="2021-12-08T20:51:06 IST" duration-ms="7057" status="PASS">
          <reporter-output>
          </reporter-output>
        </test-method> <!-- setUp -->
        <test-method signature="validateLoginFunctionality()[pri:1, instance:TestLayer.PIMPageTest@482bce4f]" started-at="2021-12-08T20:51:06 IST" name="validateLoginFunctionality" finished-at="2021-12-08T20:51:13 IST" duration-ms="6559" status="PASS">
          <reporter-output>
          </reporter-output>
        </test-method> <!-- validateLoginFunctionality -->
        <test-method signature="validatePIMPageLink()[pri:2, instance:TestLayer.PIMPageTest@482bce4f]" started-at="2021-12-08T20:51:13 IST" name="validatePIMPageLink" finished-at="2021-12-08T20:51:15 IST" duration-ms="1917" status="PASS">
          <reporter-output>
          </reporter-output>
        </test-method> <!-- validatePIMPageLink -->
        <test-method signature="validateAddButtonInPIMPage()[pri:3, instance:TestLayer.PIMPageTest@482bce4f]" started-at="2021-12-08T20:51:15 IST" name="validateAddButtonInPIMPage" finished-at="2021-12-08T20:51:16 IST" duration-ms="851" status="PASS">
          <reporter-output>
          </reporter-output>
        </test-method> <!-- validateAddButtonInPIMPage -->
        <test-method signature="validateAddEmployeeFunctionality()[pri:4, instance:TestLayer.PIMPageTest@482bce4f]" started-at="2021-12-08T20:51:17 IST" name="validateAddEmployeeFunctionality" finished-at="2021-12-08T20:51:23 IST" duration-ms="6406" status="PASS">
          <reporter-output>
          </reporter-output>
        </test-method> <!-- validateAddEmployeeFunctionality -->
        <test-method signature="validayteEditButtonFunctionality()[pri:5, instance:TestLayer.PIMPageTest@482bce4f]" started-at="2021-12-08T20:51:23 IST" name="validayteEditButtonFunctionality" finished-at="2021-12-08T20:51:24 IST" duration-ms="188" status="PASS">
          <reporter-output>
          </reporter-output>
        </test-method> <!-- validayteEditButtonFunctionality -->
        <test-method signature="validatePersonalDetail()[pri:6, instance:TestLayer.PIMPageTest@482bce4f]" started-at="2021-12-08T20:51:24 IST" name="validatePersonalDetail" finished-at="2021-12-08T20:51:39 IST" duration-ms="14783" status="PASS">
          <reporter-output>
          </reporter-output>
        </test-method> <!-- validatePersonalDetail -->
        <test-method is-config="true" signature="tearDown()[pri:0, instance:TestLayer.PIMPageTest@482bce4f]" started-at="2021-12-08T20:51:39 IST" name="tearDown" finished-at="2021-12-08T20:51:39 IST" duration-ms="163" status="PASS">
          <reporter-output>
          </reporter-output>
        </test-method> <!-- tearDown -->
      </class> <!-- TestLayer.PIMPageTest -->
    </test> <!-- Test -->
  </suite> <!-- Suite -->
</testng-results>
